<?xml version="1.0" encoding="UTF-8"?>
<!-- Generated by org.testng.reporters.JUnitXMLReporter -->
<testsuite ignored="15" hostname="DESKTOP-49249FS" failures="0" tests="1" name="Default test" time="32.037" errors="0" timestamp="2021-08-12T11:57:20 UYT">
  <testcase classname="WSR.WSRs.WSRPageTest" name="wsrBodyCreation" time="28.043"/>
  <testcase classname="WSR.WSRs.WSRPageTest" name="createNewHeaderWithoutProperEmail" time="0.0">
    <ignored/>
  </testcase> <!-- createNewHeaderWithoutProperEmail -->
  <testcase classname="WSR.WSRs.WSRPageTest" name="createNewHeaderWithWrongInput" time="0.0">
    <ignored/>
  </testcase> <!-- createNewHeaderWithWrongInput -->
  <testcase classname="WSR.WSRs.WSRPageTest" name="wsrBodyValidateSprintDatesEndBeforeStart" time="0.0">
    <ignored/>
  </testcase> <!-- wsrBodyValidateSprintDatesEndBeforeStart -->
  <testcase classname="WSR.WSRs.WSRPageTest" name="wsrSendRecordToManager" time="0.0">
    <ignored/>
  </testcase> <!-- wsrSendRecordToManager -->
  <testcase classname="WSR.WSRs.WSRPageTest" name="errorCreatingHeaderOneAllowedPerUser" time="0.0">
    <ignored/>
  </testcase> <!-- errorCreatingHeaderOneAllowedPerUser -->
  <testcase classname="WSR.WSRs.WSRPageTest" name="createNewHeader" time="0.0">
    <ignored/>
  </testcase> <!-- createNewHeader -->
  <testcase classname="WSR.WSRs.WSRPageTest" name="createNewHeaderWithoutName" time="0.0">
    <ignored/>
  </testcase> <!-- createNewHeaderWithoutName -->
  <testcase classname="WSR.WSRs.WSRPageTest" name="createNewHeaderWithoutUser" time="0.0">
    <ignored/>
  </testcase> <!-- createNewHeaderWithoutUser -->
  <testcase classname="WSR.WSRs.WSRPageTest" name="employeeEditHeaderCancelAndValidate" time="0.0">
    <ignored/>
  </testcase> <!-- employeeEditHeaderCancelAndValidate -->
  <testcase classname="WSR.WSRs.WSRPageTest" name="wsrBodyValidateSprintDatesSameDate" time="0.0">
    <ignored/>
  </testcase> <!-- wsrBodyValidateSprintDatesSameDate -->
  <testcase classname="WSR.WSRs.WSRPageTest" name="wsrBodyValidationExtraHours" time="0.0">
    <ignored/>
  </testcase> <!-- wsrBodyValidationExtraHours -->
  <testcase classname="WSR.WSRs.WSRPageTest" name="employeeEditHeader" time="0.0">
    <ignored/>
  </testcase> <!-- employeeEditHeader -->
  <testcase classname="WSR.WSRs.WSRPageTest" name="wsrBodyValidationFieldsPresent" time="0.0">
    <ignored/>
  </testcase> <!-- wsrBodyValidationFieldsPresent -->
  <testcase classname="WSR.WSRs.WSRPageTest" name="wsrBodyValidationDaysFieldsEmpty" time="0.0">
    <ignored/>
  </testcase> <!-- wsrBodyValidationDaysFieldsEmpty -->
  <testcase classname="WSR.WSRs.WSRPageTest" name="wsrBodyValidationStoriesAmount" time="0.0">
    <ignored/>
  </testcase> <!-- wsrBodyValidationStoriesAmount -->
</testsuite> <!-- Default test -->
