<?xml version="1.0" encoding="UTF-8"?>
<!-- Generated by org.testng.reporters.JUnitXMLReporter -->
<testsuite ignored="0" hostname="DESKTOP-49249FS" failures="0" tests="16" name="Test" time="124.495" errors="0" timestamp="2021-08-12T12:05:16 UYT">
  <testcase classname="WSR.WSRs.WSRPageTest" name="createNewHeaderWithoutUser" time="25.081"/>
  <testcase classname="WSR.WSRs.WSRPageTest" name="createNewHeaderWithoutProperEmail" time="25.054"/>
  <testcase classname="WSR.WSRs.WSRPageTest" name="createNewHeader" time="26.634"/>
  <testcase classname="WSR.WSRs.WSRPageTest" name="createNewHeaderWithoutName" time="27.144"/>
  <testcase classname="WSR.WSRs.WSRPageTest" name="createNewHeaderWithWrongInput" time="34.139"/>
  <testcase classname="WSR.WSRs.WSRPageTest" name="employeeEditHeader" time="20.252"/>
  <testcase classname="WSR.WSRs.WSRPageTest" name="employeeEditHeaderCancelAndValidate" time="20.35"/>
  <testcase classname="WSR.WSRs.WSRPageTest" name="errorCreatingHeaderOneAllowedPerUser" time="24.656"/>
  <testcase classname="WSR.WSRs.WSRPageTest" name="wsrBodyCreation" time="35.622"/>
  <testcase classname="WSR.WSRs.WSRPageTest" name="wsrBodyValidateSprintDatesEndBeforeStart" time="47.057"/>
  <testcase classname="WSR.WSRs.WSRPageTest" name="wsrBodyValidationFieldsPresent" time="23.013"/>
  <testcase classname="WSR.WSRs.WSRPageTest" name="wsrBodyValidationExtraHours" time="38.697"/>
  <testcase classname="WSR.WSRs.WSRPageTest" name="wsrBodyValidateSprintDatesSameDate" time="45.855"/>
  <testcase classname="WSR.WSRs.WSRPageTest" name="wsrBodyValidationDaysFieldsEmpty" time="46.88"/>
  <testcase classname="WSR.WSRs.WSRPageTest" name="wsrSendRecordToManager" time="17.636"/>
  <testcase classname="WSR.WSRs.WSRPageTest" name="wsrBodyValidationStoriesAmount" time="26.102"/>
</testsuite> <!-- Test -->
