<?xml version="1.0" encoding="UTF-8"?>
<!-- Generated by org.testng.reporters.JUnitXMLReporter -->
<testsuite ignored="0" hostname="DESKTOP-49249FS" failures="1" tests="1" name="Test" time="12.472" errors="0" timestamp="2021-08-02T11:49:56 UYT">
  <testcase classname="WSR.WSRs.TestDataTest" name="data" time="8.392">
    <failure type="org.junit.ComparisonFailure" message="expected:&amp;lt;[]&amp;gt; but was:&amp;lt;[titulo equivocado]&amp;gt;">
      <![CDATA[org.junit.ComparisonFailure: expected:<[]> but was:<[titulo equivocado]>
at org.junit.Assert.assertEquals(Assert.java:115)
at org.junit.Assert.assertEquals(Assert.java:144)
at WSR.WSRs.TestDataTest.data(TestDataTest.java:40)
at java.base/java.util.ArrayList.forEach(ArrayList.java:1511)
... Removed 27 stack frames]]>
    </failure>
  </testcase> <!-- data -->
</testsuite> <!-- Test -->
