<?xml version="1.0" encoding="UTF-8"?>
<testng-results ignored="15" total="16" passed="1" failed="0" skipped="0">
  <reporter-output>
  </reporter-output>
  <suite started-at="2021-08-03T16:23:16 UYT" name="Default suite" finished-at="2021-08-03T16:23:39 UYT" duration-ms="23877">
    <groups>
    </groups>
    <test started-at="2021-08-03T16:23:16 UYT" name="Default test" finished-at="2021-08-03T16:23:39 UYT" duration-ms="23877">
      <class name="WSR.WSRs.WSRPageTest">
        <test-method is-config="true" signature="setup()[pri:0, instance:WSR.WSRs.WSRPageTest@1725dc0f]" started-at="2021-08-03T16:23:16 UYT" name="setup" finished-at="2021-08-03T16:23:19 UYT" duration-ms="3427" status="PASS">
          <reporter-output>
          </reporter-output>
        </test-method> <!-- setup -->
        <test-method signature="wsrSendRecordToManager()[pri:0, instance:WSR.WSRs.WSRPageTest@1725dc0f]" started-at="2021-08-03T16:23:19 UYT" name="wsrSendRecordToManager" finished-at="2021-08-03T16:23:39 UYT" duration-ms="19792" status="PASS">
          <reporter-output>
          </reporter-output>
        </test-method> <!-- wsrSendRecordToManager -->
        <test-method is-config="true" signature="close()[pri:0, instance:WSR.WSRs.WSRPageTest@1725dc0f]" started-at="2021-08-03T16:23:39 UYT" name="close" finished-at="2021-08-03T16:23:39 UYT" duration-ms="629" status="PASS">
          <reporter-output>
          </reporter-output>
        </test-method> <!-- close -->
      </class> <!-- WSR.WSRs.WSRPageTest -->
    </test> <!-- Default test -->
  </suite> <!-- Default suite -->
</testng-results>
